<?xml version="1.0" encoding="UTF-8"?>
<!-- Generated by org.testng.reporters.JUnitXMLReporter -->
<testsuite hostname="DESKTOP-9K77OJE" ignored="0" name="Test" tests="5" failures="0" timestamp="04 Feb 2019 07:59:09 GMT" time="26.149" errors="0">
  <testcase name="NFLNews" time="5.778" classname="TestCases.NFLnews"/>
  <testcase name="MLBNews" time="5.297" classname="TestCases.MLBnews"/>
  <testcase name="BanglaNews" time="5.003" classname="TestCases.BangladeshiNews"/>
  <testcase name="NBANews" time="5.34" classname="TestCases.NBAnews"/>
  <testcase name="MLSNews" time="4.691" classname="TestCases.MLSnews"/>
</testsuite> <!-- Test -->
