<?xml version="1.0" encoding="UTF-8"?>
<!-- Generated by org.testng.reporters.JUnitXMLReporter -->
<testsuite hostname="DESKTOP-9K77OJE" ignored="0" name="Test" tests="6" failures="5" timestamp="31 Jan 2019 22:40:36 GMT" time="3.568" errors="0">
  <testcase name="NBANews" time="0.0" classname="TestCases.News">
    <failure type="java.lang.RuntimeException" message="java.lang.InstantiationException">
      <![CDATA[java.lang.RuntimeException: java.lang.InstantiationExceptionat org.openqa.selenium.support.PageFactory.instantiatePage(PageFactory.java:134)at org.openqa.selenium.support.PageFactory.initElements(PageFactory.java:64)at TestCases.News.NBANews(News.java:66)at java.util.concurrent.ThreadPoolExecutor.runWorker(ThreadPoolExecutor.java:1149)at java.util.concurrent.ThreadPoolExecutor$Worker.run(ThreadPoolExecutor.java:624)at java.lang.Thread.run(Thread.java:748)Caused by: java.lang.InstantiationExceptionat org.openqa.selenium.support.PageFactory.instantiatePage(PageFactory.java:129)... 15 more... Removed 12 stack frames]]>
    </failure>
  </testcase> <!-- NBANews -->
  <testcase name="NFLNews" time="0.0" classname="TestCases.News">
    <failure type="java.lang.RuntimeException" message="java.lang.InstantiationException">
      <![CDATA[java.lang.RuntimeException: java.lang.InstantiationExceptionat org.openqa.selenium.support.PageFactory.instantiatePage(PageFactory.java:134)at org.openqa.selenium.support.PageFactory.initElements(PageFactory.java:64)at TestCases.News.NFLNews(News.java:52)at java.util.concurrent.ThreadPoolExecutor.runWorker(ThreadPoolExecutor.java:1149)at java.util.concurrent.ThreadPoolExecutor$Worker.run(ThreadPoolExecutor.java:624)at java.lang.Thread.run(Thread.java:748)Caused by: java.lang.InstantiationExceptionat org.openqa.selenium.support.PageFactory.instantiatePage(PageFactory.java:129)... 15 more... Removed 12 stack frames]]>
    </failure>
  </testcase> <!-- NFLNews -->
  <testcase name="Test1" time="3.519" classname="TestCases.News"/>
  <testcase name="MLBNews" time="0.001" classname="TestCases.News">
    <failure type="java.lang.RuntimeException" message="java.lang.InstantiationException">
      <![CDATA[java.lang.RuntimeException: java.lang.InstantiationExceptionat org.openqa.selenium.support.PageFactory.instantiatePage(PageFactory.java:134)at org.openqa.selenium.support.PageFactory.initElements(PageFactory.java:64)at TestCases.News.MLBNews(News.java:80)at java.util.concurrent.ThreadPoolExecutor.runWorker(ThreadPoolExecutor.java:1149)at java.util.concurrent.ThreadPoolExecutor$Worker.run(ThreadPoolExecutor.java:624)at java.lang.Thread.run(Thread.java:748)Caused by: java.lang.InstantiationExceptionat org.openqa.selenium.support.PageFactory.instantiatePage(PageFactory.java:129)... 15 more... Removed 12 stack frames]]>
    </failure>
  </testcase> <!-- MLBNews -->
  <testcase name="MLSNews" time="0.002" classname="TestCases.News">
    <failure type="java.lang.RuntimeException" message="java.lang.InstantiationException">
      <![CDATA[java.lang.RuntimeException: java.lang.InstantiationExceptionat org.openqa.selenium.support.PageFactory.instantiatePage(PageFactory.java:134)at org.openqa.selenium.support.PageFactory.initElements(PageFactory.java:64)at TestCases.News.MLSNews(News.java:95)at java.util.concurrent.ThreadPoolExecutor.runWorker(ThreadPoolExecutor.java:1149)at java.util.concurrent.ThreadPoolExecutor$Worker.run(ThreadPoolExecutor.java:624)at java.lang.Thread.run(Thread.java:748)Caused by: java.lang.InstantiationExceptionat org.openqa.selenium.support.PageFactory.instantiatePage(PageFactory.java:129)... 15 more... Removed 12 stack frames]]>
    </failure>
  </testcase> <!-- MLSNews -->
  <testcase name="BanglaNews" time="0.001" classname="TestCases.News">
    <failure type="java.lang.RuntimeException" message="java.lang.InstantiationException">
      <![CDATA[java.lang.RuntimeException: java.lang.InstantiationExceptionat org.openqa.selenium.support.PageFactory.instantiatePage(PageFactory.java:134)at org.openqa.selenium.support.PageFactory.initElements(PageFactory.java:64)at TestCases.News.BanglaNews(News.java:37)at java.util.concurrent.ThreadPoolExecutor.runWorker(ThreadPoolExecutor.java:1149)at java.util.concurrent.ThreadPoolExecutor$Worker.run(ThreadPoolExecutor.java:624)at java.lang.Thread.run(Thread.java:748)Caused by: java.lang.InstantiationExceptionat org.openqa.selenium.support.PageFactory.instantiatePage(PageFactory.java:129)... 15 more... Removed 12 stack frames]]>
    </failure>
  </testcase> <!-- BanglaNews -->
</testsuite> <!-- Test -->
