<?xml version="1.0" encoding="UTF-8"?>
<testng-results skipped="0" failed="0" ignored="0" total="5" passed="5">
  <reporter-output>
  </reporter-output>
  <suite name="Suite" duration-ms="26149" started-at="2019-02-04T07:58:43Z" finished-at="2019-02-04T07:59:09Z">
    <groups>
    </groups>
    <test name="Test" duration-ms="26149" started-at="2019-02-04T07:58:43Z" finished-at="2019-02-04T07:59:09Z">
      <class name="TestCases.NFLnews">
        <test-method status="PASS" signature="NFLNews()[pri:0, instance:TestCases.NFLnews@1bce4f0a]" name="NFLNews" duration-ms="5778" started-at="2019-02-04T02:58:43Z" finished-at="2019-02-04T02:58:49Z">
          <reporter-output>
          </reporter-output>
        </test-method> <!-- NFLNews -->
      </class> <!-- TestCases.NFLnews -->
      <class name="TestCases.MLSnews">
        <test-method status="PASS" signature="MLSNews()[pri:0, instance:TestCases.MLSnews@685cb137]" name="MLSNews" duration-ms="4691" started-at="2019-02-04T02:59:05Z" finished-at="2019-02-04T02:59:09Z">
          <reporter-output>
          </reporter-output>
        </test-method> <!-- MLSNews -->
      </class> <!-- TestCases.MLSnews -->
      <class name="TestCases.NBAnews">
        <test-method status="PASS" signature="NBANews()[pri:0, instance:TestCases.NBAnews@6a4f787b]" name="NBANews" duration-ms="5340" started-at="2019-02-04T02:58:59Z" finished-at="2019-02-04T02:59:05Z">
          <reporter-output>
          </reporter-output>
        </test-method> <!-- NBANews -->
      </class> <!-- TestCases.NBAnews -->
      <class name="TestCases.MLBnews">
        <test-method status="PASS" signature="MLBNews()[pri:0, instance:TestCases.MLBnews@91161c7]" name="MLBNews" duration-ms="5297" started-at="2019-02-04T02:58:49Z" finished-at="2019-02-04T02:58:54Z">
          <reporter-output>
          </reporter-output>
        </test-method> <!-- MLBNews -->
      </class> <!-- TestCases.MLBnews -->
      <class name="TestCases.BangladeshiNews">
        <test-method status="PASS" signature="BanglaNews()[pri:0, instance:TestCases.BangladeshiNews@604ed9f0]" name="BanglaNews" duration-ms="5003" started-at="2019-02-04T02:58:54Z" finished-at="2019-02-04T02:58:59Z">
          <reporter-output>
          </reporter-output>
        </test-method> <!-- BanglaNews -->
      </class> <!-- TestCases.BangladeshiNews -->
    </test> <!-- Test -->
  </suite> <!-- Suite -->
</testng-results>
